29/05/2018 04:35:12 p. m.	This log contains information about the import schema operation into project 'DataBase' on computer 'DESKTOP-Q5NH2QB' by user 'Hp'.
29/05/2018 04:35:12 p. m.	Import of database schema has started.
29/05/2018 04:35:16 p. m.	Gathering database options
29/05/2018 04:35:16 p. m.	Gathering users
29/05/2018 04:35:16 p. m.	Gathering roles
29/05/2018 04:35:16 p. m.	Gathering application roles
29/05/2018 04:35:16 p. m.	Gathering role memberships
29/05/2018 04:35:16 p. m.	Gathering filegroups
29/05/2018 04:35:16 p. m.	Gathering full-text catalogs
29/05/2018 04:35:16 p. m.	Gathering assemblies
29/05/2018 04:35:16 p. m.	Gathering certificates
29/05/2018 04:35:16 p. m.	Gathering asymmetric keys
29/05/2018 04:35:16 p. m.	Gathering symmetric keys
29/05/2018 04:35:16 p. m.	Gathering encrypted symmetric keys
29/05/2018 04:35:16 p. m.	Gathering schemas
29/05/2018 04:35:16 p. m.	Gathering XML schema collections
29/05/2018 04:35:16 p. m.	Gathering user-defined data types
29/05/2018 04:35:16 p. m.	Gathering user-defined types
29/05/2018 04:35:16 p. m.	Gathering table types
29/05/2018 04:35:16 p. m.	Gathering unique keys for table types
29/05/2018 04:35:16 p. m.	Gathering primary keys for table types
29/05/2018 04:35:16 p. m.	Gathering check constraints for table types
29/05/2018 04:35:16 p. m.	Gathering default constraints for table types
29/05/2018 04:35:16 p. m.	Gathering partition functions
29/05/2018 04:35:16 p. m.	Gathering partition schemes
29/05/2018 04:35:16 p. m.	Gathering functions
29/05/2018 04:35:16 p. m.	Gathering encrypted functions
29/05/2018 04:35:16 p. m.	Gathering aggregates
29/05/2018 04:35:16 p. m.	Gathering procedures
29/05/2018 04:35:16 p. m.	Gathering encrypted procedures
29/05/2018 04:35:16 p. m.	Gathering tables
29/05/2018 04:35:16 p. m.	Gathering primary keys
29/05/2018 04:35:16 p. m.	Gathering unique constraints
29/05/2018 04:35:16 p. m.	Gathering foreign keys
29/05/2018 04:35:16 p. m.	Gathering default constraints
29/05/2018 04:35:16 p. m.	Gathering check constraints
29/05/2018 04:35:16 p. m.	Gathering views
29/05/2018 04:35:16 p. m.	Gathering encrypted views
29/05/2018 04:35:16 p. m.	Gathering indexes
29/05/2018 04:35:16 p. m.	Gathering statistics
29/05/2018 04:35:16 p. m.	Gathering full-text index stoplists
29/05/2018 04:35:16 p. m.	Gathering full-text indexes
29/05/2018 04:35:16 p. m.	Gathering spatial indexes
29/05/2018 04:35:16 p. m.	Gathering XML indexes
29/05/2018 04:35:16 p. m.	Gathering encrypted triggers
29/05/2018 04:35:16 p. m.	Gathering triggers
29/05/2018 04:35:16 p. m.	Gathering encrypted and clr ddl triggers
29/05/2018 04:35:16 p. m.	Gathering ddl triggers
29/05/2018 04:35:16 p. m.	Gathering synonyms
29/05/2018 04:35:16 p. m.	Gathering defaults
29/05/2018 04:35:16 p. m.	Gathering data constraint uddt bindings
29/05/2018 04:35:16 p. m.	Gathering rules
29/05/2018 04:35:16 p. m.	Gathering data constraint uddt bindings
29/05/2018 04:35:16 p. m.	Gathering message types
29/05/2018 04:35:16 p. m.	Gathering queues
29/05/2018 04:35:16 p. m.	Gathering contracts
29/05/2018 04:35:16 p. m.	Gathering services
29/05/2018 04:35:16 p. m.	Gathering event notifications
29/05/2018 04:35:16 p. m.	Gathering remote service bindings
29/05/2018 04:35:16 p. m.	Gathering broker priorities
29/05/2018 04:35:16 p. m.	Gathering signatures
29/05/2018 04:35:16 p. m.	Gathering data compression options
29/05/2018 04:35:16 p. m.	Gathering extended properties
29/05/2018 04:35:16 p. m.	Gathering credentials
29/05/2018 04:35:16 p. m.	Gathering logins
29/05/2018 04:35:16 p. m.	Gathering server audits
29/05/2018 04:35:16 p. m.	Scanning project for duplicate elements
29/05/2018 04:35:16 p. m.	Finished duplicate element processing
29/05/2018 04:35:17 p. m.	Finished importing database.
29/05/2018 04:35:17 p. m.	A summary of the import was saved to the following location: C:\Users\Hp\documents\visual studio 2015\Projects\Catalogos\DatabaseCatalogos\Import Schema Logs\DataBase_20180529093512.log
29/05/2018 04:35:17 p. m.	Click Finish to continue...
